

times in msec
 clock   self+sourced   self:  sourced script
 clock   elapsed:              other lines

000.018  000.018: --- NVIM STARTING ---
000.074  000.056: event init
000.212  000.139: early init
020.762  020.550: locale set
020.837  000.075: init first window
021.457  000.620: inits 1
021.575  000.118: window checked
021.587  000.012: parsing arguments
022.660  000.320  000.320: require('vim.shared')
023.402  000.288  000.288: require('vim._options')
023.413  000.744  000.456: require('vim._editor')
023.418  001.196  000.132: require('vim._init_packages')
023.430  000.647: init lua interpreter
023.910  000.480: expanding arguments
023.962  000.052: inits 2
024.905  000.943: init highlight
024.913  000.008: waiting for UI
025.412  000.499: done waiting for UI
025.488  000.076: clear screen
025.991  000.503: init default mappings & autocommands
034.342  000.110  000.110: sourcing C:\Program Files\Neovim\share\nvim\runtime\ftplugin.vim
035.452  000.071  000.071: sourcing C:\Program Files\Neovim\share\nvim\runtime\indent.vim
037.182  000.328  000.328: require('eanigmal.set')
037.501  000.052  000.052: require('vim.keymap')
038.446  001.256  001.204: require('eanigmal.remap')
038.613  000.160  000.160: require('eanigmal.build')
038.620  002.549  000.804: require('eanigmal')
038.624  002.639  000.090: sourcing C:\Users\theto\AppData\Local\nvim\init.lua
038.680  009.869: sourcing vimrc file(s)
041.869  000.044  000.044: sourcing C:\Users\theto\AppData\Local\nvim-data\site\pack\packer\start\vim-fugitive\ftdetect\fugitive.vim
043.160  002.768  002.723: sourcing C:\Program Files\Neovim\share\nvim\runtime\filetype.lua
044.278  000.071  000.071: sourcing C:\Users\theto\AppData\Local\nvim-data\site\pack\packer\start\nvim-treesitter\autoload\nvim_treesitter.vim
056.152  001.468  001.468: require('vim.treesitter.language')
056.168  003.196  001.728: require('vim.treesitter.query')
057.650  001.476  001.476: require('vim.treesitter._range')
057.665  006.529  001.857: require('vim.treesitter.languagetree')
057.674  008.718  002.189: require('vim.treesitter')
058.158  010.981  002.263: require('nvim-treesitter.parsers')
059.223  001.057  001.057: require('nvim-treesitter.utils')
059.236  013.229  001.191: require('nvim-treesitter.ts_utils')
061.309  000.934  000.934: require('nvim-treesitter.compat')
062.316  000.999  000.999: require('nvim-treesitter.tsrange')
063.257  000.932  000.932: require('nvim-treesitter.caching')
063.273  004.032  001.168: require('nvim-treesitter.query')
063.279  018.962  001.701: require('nvim-treesitter.fold')
064.736  000.150  000.150: sourcing C:\Program Files\Neovim\share\nvim\runtime\syntax\synload.vim
064.908  001.382  001.232: sourcing C:\Program Files\Neovim\share\nvim\runtime\syntax\syntax.vim
073.914  000.659  000.659: sourcing C:\Program Files\Neovim\share\nvim\runtime\plugin\gzip.vim
074.261  000.054  000.054: sourcing C:\Program Files\Neovim\share\nvim\runtime\plugin\health.vim
078.204  000.985  000.985: sourcing C:\Program Files\Neovim\share\nvim\runtime\pack\dist\opt\matchit\plugin\matchit.vim
079.430  004.949  003.964: sourcing C:\Program Files\Neovim\share\nvim\runtime\plugin\matchit.vim
080.674  000.761  000.761: sourcing C:\Program Files\Neovim\share\nvim\runtime\plugin\matchparen.vim
082.210  001.037  001.037: sourcing C:\Program Files\Neovim\share\nvim\runtime\plugin\netrwPlugin.vim
083.271  000.042  000.042: sourcing C:\Users\theto\AppData\Local\nvim-data/rplugin.vim
083.303  000.754  000.712: sourcing C:\Program Files\Neovim\share\nvim\runtime\plugin\rplugin.vim
083.652  000.135  000.135: sourcing C:\Program Files\Neovim\share\nvim\runtime\plugin\shada.vim
083.944  000.058  000.058: sourcing C:\Program Files\Neovim\share\nvim\runtime\plugin\spellfile.vim
084.387  000.224  000.224: sourcing C:\Program Files\Neovim\share\nvim\runtime\plugin\tarPlugin.vim
084.805  000.187  000.187: sourcing C:\Program Files\Neovim\share\nvim\runtime\plugin\tohtml.vim
085.083  000.059  000.059: sourcing C:\Program Files\Neovim\share\nvim\runtime\plugin\tutor.vim
085.565  000.265  000.265: sourcing C:\Program Files\Neovim\share\nvim\runtime\plugin\zipPlugin.vim
107.786  001.621  001.621: require('tokyonight.treesitter')
107.806  003.131  001.510: require('tokyonight.util')
111.495  001.442  001.442: require('tokyonight.colors')
111.503  003.692  002.249: require('tokyonight.theme')
112.900  001.390  001.390: require('tokyonight.config')
112.908  010.492  002.280: require('tokyonight')
116.037  000.021  000.021: require('vim.F')
116.123  002.490  002.469: require('vim.diagnostic')
117.812  001.673  001.673: require('vim.treesitter.highlighter')
119.400  017.087  002.432: sourcing C:\Users\theto\AppData\Local\nvim-data\site\pack\packer\start\tokyonight\colors\tokyonight-night.lua
119.431  033.061  015.975: sourcing C:\Users\theto\AppData\Local\nvim\plugin\packer_compiled.lua
121.477  000.106  000.106: sourcing C:\Program Files\Neovim\share\nvim\runtime\plugin\editorconfig.lua
121.832  000.126  000.126: sourcing C:\Program Files\Neovim\share\nvim\runtime\plugin\man.lua
122.177  000.116  000.116: sourcing C:\Program Files\Neovim\share\nvim\runtime\plugin\nvim.lua
122.274  017.857: loading rtp plugins
127.290  000.314  000.314: require('diffview.lazy')
128.664  000.024  000.024: require('ffi')
128.703  000.361  000.337: require('diffview.ffi')
129.077  000.367  000.367: require('diffview.oop')
129.101  001.299  000.571: require('diffview.async')
129.424  000.299  000.299: require('diffview.mock')
129.443  002.116  000.518: require('diffview.logger')
129.868  000.406  000.406: require('diffview.control')
130.303  000.394  000.394: require('diffview.events')
130.316  003.657  000.427: require('diffview.bootstrap')
130.344  003.795  000.138: sourcing C:\Users\theto\AppData\Local\nvim-data\site\pack\packer\start\diffview.nvim\plugin\diffview.lua
131.468  000.092  000.092: sourcing C:\Users\theto\AppData\Local\nvim-data\site\pack\packer\start\lsp-zero.nvim\plugin\lsp-zero.lua
132.341  000.062  000.062: sourcing C:\Users\theto\AppData\Local\nvim-data\site\pack\packer\start\LuaSnip\plugin\luasnip.vim
135.068  001.907  001.907: require('vim.filetype')
136.867  000.415  000.415: require('luasnip.util.types')
136.877  000.903  000.488: require('luasnip.util.ext_opts')
138.280  000.410  000.410: require('luasnip.util.lazy_table')
138.747  000.458  000.458: require('luasnip.extras.filetype_functions')
138.771  001.437  000.569: require('luasnip.default_config')
138.777  001.895  000.458: require('luasnip.session')
138.783  003.317  000.519: require('luasnip.config')
140.418  000.714  000.714: require('luasnip.util.util')
141.637  000.413  000.413: require('luasnip.nodes.key_indexer')
141.648  001.221  000.808: require('luasnip.nodes.util')
142.716  000.444  000.444: require('luasnip.session.snippet_collection.source')
143.160  000.435  000.435: require('luasnip.util.table')
143.598  000.430  000.430: require('luasnip.util.auto_table')
143.619  001.965  000.656: require('luasnip.session.snippet_collection')
145.342  000.573  000.573: require('luasnip.util.select')
145.671  001.526  000.953: require('luasnip.util._builtin_vars')
145.933  000.250  000.250: require('vim.inspect')
145.984  002.360  000.585: require('luasnip.util.environ')
146.439  000.448  000.448: require('luasnip.util.extend_decorator')
147.587  000.625  000.625: require('luasnip.util.path')
148.827  000.679  000.679: require('luasnip.util.log')
148.838  001.243  000.564: require('luasnip.loaders.util')
149.253  000.409  000.409: require('luasnip.loaders.data')
149.986  000.723  000.723: require('luasnip.loaders.fs_watchers')
149.995  003.548  000.548: require('luasnip.loaders')
150.016  011.223  000.966: require('luasnip')
150.058  017.024  000.578: sourcing C:\Users\theto\AppData\Local\nvim-data\site\pack\packer\start\LuaSnip\plugin\luasnip.lua
151.093  000.233  000.233: sourcing C:\Users\theto\AppData\Local\nvim-data\site\pack\packer\start\markdown-preview.nvim\plugin\mkdp.vim
152.911  000.067  000.067: sourcing C:\Users\theto\AppData\Local\nvim-data\site\pack\packer\start\nightfox.nvim\plugin\nightfox.vim
155.084  000.768  000.768: require('cmp.utils.api')
156.543  000.727  000.727: require('cmp.types.cmp')
158.253  000.831  000.831: require('cmp.utils.misc')
158.312  001.707  000.876: require('cmp.types.lsp')
159.024  000.705  000.705: require('cmp.types.vim')
159.032  003.940  000.800: require('cmp.types')
159.770  000.734  000.734: require('cmp.utils.highlight')
161.228  000.710  000.710: require('cmp.utils.debug')
161.244  001.466  000.755: require('cmp.utils.autocmd')
161.570  007.397  000.490: sourcing C:\Users\theto\AppData\Local\nvim-data\site\pack\packer\start\nvim-cmp\plugin\cmp.lua
168.667  001.574  001.574: require('vim.lsp.log')
170.655  001.979  001.979: require('vim.lsp.protocol')
174.782  001.681  001.681: require('vim.lsp._snippet')
176.248  001.457  001.457: require('vim.highlight')
176.268  005.605  002.467: require('vim.lsp.util')
176.297  010.979  001.821: require('vim.lsp.handlers')
178.099  001.795  001.795: require('vim.lsp.rpc')
179.656  001.549  001.549: require('vim.lsp.sync')
181.481  001.816  001.816: require('vim.lsp.semantic_tokens')
183.304  001.804  001.804: require('vim.lsp.buf')
184.861  001.548  001.548: require('vim.lsp.diagnostic')
186.443  001.574  001.574: require('vim.lsp.codelens')
186.516  023.694  002.630: require('vim.lsp')
186.621  023.986  000.292: sourcing C:\Users\theto\AppData\Local\nvim-data\site\pack\packer\start\nvim-lspconfig\plugin\lspconfig.lua
187.525  000.095  000.095: sourcing C:\Users\theto\AppData\Local\nvim-data\site\pack\packer\start\nvim-tetris\plugin\nvim-tetris.vim
193.520  001.222  001.222: require('nvim-treesitter.configs')
193.539  002.274  001.052: require('nvim-treesitter.info')
194.649  001.099  001.099: require('nvim-treesitter.shell_command_selectors')
194.680  004.858  001.485: require('nvim-treesitter.install')
195.647  000.954  000.954: require('nvim-treesitter.statusline')
196.760  001.101  001.101: require('nvim-treesitter.query_predicates')
196.769  007.830  000.917: require('nvim-treesitter')
197.757  008.916  001.086: sourcing C:\Users\theto\AppData\Local\nvim-data\site\pack\packer\start\nvim-treesitter\plugin\nvim-treesitter.lua
200.625  001.101  001.101: require('nvim-treesitter-playground')
200.828  001.414  000.313: sourcing C:\Users\theto\AppData\Local\nvim-data\site\pack\packer\start\playground\plugin\nvim-treesitter-playground.lua
201.732  000.127  000.127: sourcing C:\Users\theto\AppData\Local\nvim-data\site\pack\packer\start\plenary.nvim\plugin\plenary.vim
203.471  000.444  000.444: sourcing C:\Users\theto\AppData\Local\nvim-data\site\pack\packer\start\telescope.nvim\plugin\telescope.lua
204.341  000.092  000.092: sourcing C:\Users\theto\AppData\Local\nvim-data\site\pack\packer\start\todo-comments.nvim\plugin\todo.vim
205.859  000.283  000.283: sourcing C:\Users\theto\AppData\Local\nvim-data\site\pack\packer\start\undotree\plugin\undotree.vim
209.215  002.340  002.340: sourcing C:\Users\theto\AppData\Local\nvim-data\site\pack\packer\start\vim-fugitive\plugin\fugitive.vim
209.959  021.317: loading packages
212.450  000.296  000.296: require('cmp_nvim_lsp.source')
212.459  000.638  000.342: require('cmp_nvim_lsp')
212.481  000.736  000.097: sourcing C:\Users\theto\AppData\Local\nvim-data\site\pack\packer\start\cmp-nvim-lsp\after\plugin\cmp_nvim_lsp.lua
216.010  000.985  000.985: require('onedark')
219.303  000.954  000.954: require('onedark')
224.157  001.111  001.111: require('onedark.palette')
224.233  002.135  001.024: require('onedark.colors')
225.226  000.981  000.981: require('onedark.util')
225.354  004.909  001.793: require('onedark.highlights')
230.378  000.974  000.974: require('onedark.terminal')
230.398  012.376  005.539: sourcing C:\Users\theto\AppData\Local\nvim-data\site\pack\packer\start\onedark.nvim\colors\onedark.lua
230.575  015.646  002.285: sourcing C:\Users\theto\AppData\Local\nvim\after\plugin\colors.lua
230.894  000.075  000.075: sourcing C:\Users\theto\AppData\Local\nvim\after\plugin\dap.lua
232.953  000.942  000.942: require('diffview.actions')
233.113  001.918  000.976: require('diffview.config')
233.138  002.020  000.102: sourcing C:\Users\theto\AppData\Local\nvim\after\plugin\diffview.lua
233.497  000.089  000.089: sourcing C:\Users\theto\AppData\Local\nvim\after\plugin\fugitive.lua
233.789  000.069  000.069: sourcing C:\Users\theto\AppData\Local\nvim\after\plugin\fzf.lua
235.335  000.639  000.639: require('lsp-zero.server')
237.650  001.134  001.134: require('lspconfig.util')
241.388  000.814  000.814: require('lspconfig.async')
241.398  001.919  001.105: require('lspconfig.configs')
241.403  002.673  000.754: require('lspconfig')
241.542  007.401  002.955: require('lsp-zero')
241.937  000.388  000.388: require('lsp-zero.installer')
242.322  000.375  000.375: require('lsp-zero.settings')
243.449  000.577  000.577: require('mason-core.path')
244.841  000.712  000.712: require('mason-core.functional')
246.190  000.615  000.615: require('mason-core.functional.data')
246.211  001.323  000.707: require('mason-core.functional.function')
246.889  000.622  000.622: require('mason-core.functional.relation')
247.505  000.588  000.588: require('mason-core.functional.logic')
247.548  004.091  000.847: require('mason-core.platform')
248.170  000.613  000.613: require('mason.settings')
248.182  005.852  000.571: require('mason')
249.936  000.793  000.793: require('mason-core.functional.list')
250.658  000.699  000.699: require('mason-core.functional.string')
250.749  002.514  001.022: require('mason.api.command')
251.493  000.732  000.732: require('mason-registry.sources')
252.907  000.729  000.729: require('mason-core.log')
253.380  000.466  000.466: require('mason-lspconfig.settings')
253.389  001.878  000.684: require('mason-lspconfig')
254.355  000.452  000.452: require('mason-lspconfig.notify')
254.367  000.973  000.521: require('mason-lspconfig.lspconfig_hook')
255.455  000.557  000.557: require('mason-core.functional.table')
255.500  001.128  000.571: require('mason-lspconfig.mappings.server')
256.708  000.549  000.549: require('mason-core.EventEmitter')
257.365  000.648  000.648: require('mason-core.optional')
258.627  000.664  000.664: require('mason-core.async')
259.174  000.538  000.538: require('mason-core.async.uv')
259.186  001.812  000.610: require('mason-core.fs')
259.217  003.711  000.701: require('mason-registry')
259.704  000.481  000.481: require('mason-lspconfig.server_config_extensions')
260.557  000.842  000.842: require('lspconfig.server_configurations.omnisharp')
262.023  000.531  000.531: require('mason-core.functional.number')
262.063  001.287  000.756: require('mason-lspconfig.api.command')
262.428  000.357  000.357: require('lsp-zero.preset')
266.057  000.754  000.754: require('cmp.utils.char')
266.071  001.557  000.803: require('cmp.utils.str')
268.352  000.705  000.705: require('cmp.utils.buffer')
268.364  001.553  000.849: require('cmp.utils.keymap')
268.370  002.294  000.741: require('cmp.utils.feedkeys')
270.817  000.797  000.797: require('cmp.config.mapping')
271.532  000.707  000.707: require('cmp.utils.cache')
273.129  000.847  000.847: require('cmp.config.compare')
273.147  001.606  000.758: require('cmp.config.default')
273.161  003.956  000.846: require('cmp.config')
273.178  004.803  000.847: require('cmp.utils.async')
274.709  000.701  000.701: require('cmp.utils.pattern')
274.719  001.537  000.836: require('cmp.context')
277.597  000.931  000.931: require('cmp.matcher')
277.609  001.984  001.053: require('cmp.entry')
277.618  002.894  000.910: require('cmp.source')
279.174  000.716  000.716: require('cmp.utils.event')
281.527  000.700  000.700: require('cmp.utils.options')
281.538  001.573  000.873: require('cmp.utils.window')
281.543  002.359  000.787: require('cmp.view.docs_view')
282.550  001.002  001.002: require('cmp.view.custom_entries_view')
283.467  000.908  000.908: require('cmp.view.wildmenu_entries_view')
284.302  000.827  000.827: require('cmp.view.native_entries_view')
285.132  000.822  000.822: require('cmp.view.ghost_text_view')
285.146  007.524  000.889: require('cmp.view')
285.518  022.037  001.428: require('cmp.core')
286.348  000.709  000.709: require('cmp.config.sources')
287.047  000.690  000.690: require('cmp.config.window')
287.135  024.566  001.129: require('cmp')
287.632  000.471  000.471: require('lsp-zero.cmp')
288.111  000.396  000.396: require('lsp-zero.setup')
301.186  000.875  000.875: require('lspconfig.server_configurations.lua_ls')
308.613  000.967  000.967: require('lspconfig.manager')
309.507  000.882  000.882: require('lspconfig.server_configurations.clangd')
312.829  078.821  022.745: sourcing C:\Users\theto\AppData\Local\nvim\after\plugin\lsp.lua
314.575  001.393  001.393: require('telescope.builtin')
317.067  001.241  001.241: require('telescope._extensions')
317.076  002.444  001.203: require('telescope')
324.746  001.435  001.435: require('plenary.bit')
325.918  001.162  001.162: require('plenary.functional')
325.942  004.268  001.671: require('plenary.path')
325.948  005.511  001.243: require('plenary.strings')
327.146  001.194  001.194: require('telescope.deprecated')
331.180  001.378  001.378: require('plenary.log')
331.208  002.581  001.203: require('telescope.log')
334.184  001.440  001.440: require('plenary.job')
335.388  001.195  001.195: require('telescope.state')
335.400  004.187  001.551: require('telescope.utils')
335.409  008.255  001.487: require('telescope.sorters')
336.982  017.979  003.019: require('telescope.config')
339.686  001.305  001.305: require('plenary.window.border')
340.965  001.271  001.271: require('plenary.window')
342.096  001.123  001.123: require('plenary.popup.utils')
342.109  005.118  001.419: require('plenary.popup')
343.360  001.246  001.246: require('telescope.pickers.scroller')
344.580  001.212  001.212: require('telescope.actions.state')
345.847  001.259  001.259: require('telescope.actions.utils')
348.457  001.290  001.290: require('telescope.actions.mt')
348.476  002.621  001.331: require('telescope.actions.set')
351.082  001.322  001.322: require('telescope.config.resolve')
351.090  002.604  001.282: require('telescope.pickers.entry_display')
352.293  001.198  001.198: require('telescope.from_entry')
352.522  035.442  002.205: require('telescope.actions')
353.570  040.480  001.202: sourcing C:\Users\theto\AppData\Local\nvim\after\plugin\telescope.lua
357.998  001.430  001.430: require('todo-comments.util')
358.014  002.817  001.387: require('todo-comments.config')
360.802  001.510  001.510: require('todo-comments.highlight')
360.811  002.792  001.282: require('todo-comments.jump')
360.816  006.839  001.230: require('todo-comments')
360.865  007.020  000.181: sourcing C:\Users\theto\AppData\Local\nvim\after\plugin\todo.lua
379.918  001.109  001.109: require('nvim-treesitter.indent')
380.920  000.928  000.928: require('nvim-treesitter.highlight')
380.989  019.876  017.839: sourcing C:\Users\theto\AppData\Local\nvim\after\plugin\treesitter.lua
381.335  000.089  000.089: sourcing C:\Users\theto\AppData\Local\nvim\after\plugin\undotree.lua
381.354  006.476: loading after plugins
381.392  000.039: inits 3
386.260  004.867: reading ShaDa
387.667  000.534  000.534: require('luasnip.util.directed_graph')
388.097  000.422  000.422: require('luasnip.session.enqueueable_operations')
388.108  001.623  000.667: require('luasnip.loaders.from_lua')
392.231  000.415  000.415: require('luasnip.util.events')
392.255  001.181  000.766: require('luasnip.nodes.node')
392.889  000.629  000.629: require('luasnip.nodes.insertNode')
393.359  000.462  000.462: require('luasnip.nodes.textNode')
393.898  000.531  000.531: require('luasnip.util.mark')
394.408  000.499  000.499: require('luasnip.util.pattern_tokenizer')
394.847  000.431  000.431: require('luasnip.util.dict')
400.240  004.929  004.929: require('luasnip.util.jsregexp')
400.252  005.396  000.467: require('luasnip.nodes.util.trig_engines')
400.327  010.618  001.489: require('luasnip.nodes.snippet')
400.334  011.075  000.457: require('luasnip.nodes.duplicate')
400.340  011.513  000.439: require('luasnip.loaders.snippet_cache')
400.356  012.241  000.728: require('luasnip.loaders.from_snipmate')
401.852  000.732  000.732: require('luasnip.util.jsonc')
401.873  001.511  000.780: require('luasnip.loaders.from_vscode')
401.929  000.293: opening buffers
402.023  000.094: BufEnter autocommands
402.088  000.065: editing files in windows
402.304  000.216: VimEnter autocommands
402.310  000.006: UIEnter autocommands
403.469  001.159: before starting main loop
1278.639  875.170: first screen update
1278.649  000.010: --- NVIM STARTED ---


times in msec
 clock   self+sourced   self:  sourced script
 clock   elapsed:              other lines

000.021  000.021: --- NVIM STARTING ---
000.067  000.046: event init
000.181  000.114: early init
017.954  017.772: locale set
018.024  000.070: init first window
018.854  000.831: inits 1
019.155  000.301: window checked
019.166  000.011: parsing arguments
020.229  000.330  000.330: require('vim.shared')
020.933  000.278  000.278: require('vim._options')
020.940  000.702  000.424: require('vim._editor')
020.945  001.158  000.126: require('vim._init_packages')
020.956  000.632: init lua interpreter
023.406  002.450: expanding arguments
023.454  000.048: inits 2
024.403  000.949: init highlight
